c:\users\goods\desktop\projects\physics\simpleplot\x64\release\simpleplot.pdb
c:\users\goods\desktop\projects\physics\simpleplot\x64\release\wndproc.obj
c:\users\goods\desktop\projects\physics\simpleplot\x64\release\stats.obj
c:\users\goods\desktop\projects\physics\simpleplot\x64\release\series.obj
c:\users\goods\desktop\projects\physics\simpleplot\x64\release\plot.obj
c:\users\goods\desktop\projects\physics\simpleplot\x64\release\line.obj
c:\users\goods\desktop\projects\physics\simpleplot\x64\release\hist.obj
c:\users\goods\desktop\projects\physics\simpleplot\x64\release\colors.obj
c:\users\goods\desktop\projects\physics\simpleplot\x64\release\canvas.obj
c:\users\goods\desktop\projects\physics\simpleplot\x64\release\axis.obj
c:\users\goods\desktop\projects\physics\simpleplot\x64\release\simpleplot.obj
c:\users\goods\desktop\projects\physics\simpleplot\x64\release\simpleplot.lib
c:\users\goods\desktop\projects\physics\simpleplot\x64\release\test.ipdb
c:\users\goods\desktop\projects\physics\simpleplot\x64\release\test.iobj
c:\users\goods\desktop\projects\physics\simpleplot\x64\release\test.pdb
c:\users\goods\desktop\projects\physics\simpleplot\x64\release\simpleplot.tlog\cl.command.1.tlog
c:\users\goods\desktop\projects\physics\simpleplot\x64\release\simpleplot.tlog\cl.read.1.tlog
c:\users\goods\desktop\projects\physics\simpleplot\x64\release\simpleplot.tlog\cl.write.1.tlog
c:\users\goods\desktop\projects\physics\simpleplot\x64\release\simpleplot.tlog\lib-link.read.1.tlog
c:\users\goods\desktop\projects\physics\simpleplot\x64\release\simpleplot.tlog\lib-link.write.1.tlog
c:\users\goods\desktop\projects\physics\simpleplot\x64\release\simpleplot.tlog\lib.command.1.tlog
